This is pdfTeX, Version 3.14159265-2.6-1.40.18 (MiKTeX 2.9.6500 64-bit) (preloaded format=pdflatex 2018.1.18)  1 JAN 2019 16:29
entering extended mode
**./disCount.tex
(disCount.tex
LaTeX2e <2017-04-15>
Babel <3.15> and hyphenation patterns for 75 language(s) loaded.
("C:\Program Files\MiKTeX 2.9\tex\latex\base\report.cls"
Document Class: report 2014/09/29 v1.4h Standard LaTeX document class
("C:\Program Files\MiKTeX 2.9\tex\latex\base\size12.clo"
File: size12.clo 2014/09/29 v1.4h Standard LaTeX file (size option)
)
\c@part=\count79
\c@chapter=\count80
\c@section=\count81
\c@subsection=\count82
\c@subsubsection=\count83
\c@paragraph=\count84
\c@subparagraph=\count85
\c@figure=\count86
\c@table=\count87
\abovecaptionskip=\skip41
\belowcaptionskip=\skip42
\bibindent=\dimen102
)
("C:\Program Files\MiKTeX 2.9\tex\latex\ucs\ucs.sty"
Package: ucs 2013/05/11 v2.2 UCS: Unicode input support

("C:\Program Files\MiKTeX 2.9\tex\latex\ucs\uni-global.def"
File: uni-global.def 2013/05/13 UCS: Unicode global data
)
\uc@secondtry=\count88
\uc@combtoks=\toks14
\uc@combtoksb=\toks15
\uc@temptokena=\toks16
)
("C:\Program Files\MiKTeX 2.9\tex\latex\graphics\graphicx.sty"
Package: graphicx 2017/06/01 v1.1a Enhanced LaTeX Graphics (DPC,SPQR)

("C:\Program Files\MiKTeX 2.9\tex\latex\graphics\keyval.sty"
Package: keyval 2014/10/28 v1.15 key=value parser (DPC)
\KV@toks@=\toks17
)
("C:\Program Files\MiKTeX 2.9\tex\latex\graphics\graphics.sty"
Package: graphics 2017/06/25 v1.2c Standard LaTeX Graphics (DPC,SPQR)

("C:\Program Files\MiKTeX 2.9\tex\latex\graphics\trig.sty"
Package: trig 2016/01/03 v1.10 sin cos tan (DPC)
)
("C:\Program Files\MiKTeX 2.9\tex\latex\graphics-cfg\graphics.cfg"
File: graphics.cfg 2016/06/04 v1.11 sample graphics configuration
)
Package graphics Info: Driver file: pdftex.def on input line 99.

("C:\Program Files\MiKTeX 2.9\tex\latex\graphics-def\pdftex.def"
File: pdftex.def 2017/06/24 v1.0g Graphics/color driver for pdftex
))
\Gin@req@height=\dimen103
\Gin@req@width=\dimen104
)
("C:\Program Files\MiKTeX 2.9\tex\latex\base\inputenc.sty"
Package: inputenc 2015/03/17 v1.2c Input encoding file
\inpenc@prehook=\toks18
\inpenc@posthook=\toks19

("C:\Program Files\MiKTeX 2.9\tex\latex\ucs\utf8x.def"
File: utf8x.def 2004/10/17 UCS: Input encoding UTF-8
))
("C:\Program Files\MiKTeX 2.9\tex\latex\base\fontenc.sty"
Package: fontenc 2017/04/05 v2.0i Standard LaTeX package

("C:\Program Files\MiKTeX 2.9\tex\latex\base\t1enc.def"
File: t1enc.def 2017/04/05 v2.0i Standard LaTeX file
LaTeX Font Info:    Redeclaring font encoding T1 on input line 48.
))
("C:\Program Files\MiKTeX 2.9\tex\generic\babel\babel.sty"
Package: babel 2017/11/03 3.15 The Babel package

("C:\Program Files\MiKTeX 2.9\tex\generic\babel\switch.def"
File: switch.def 2017/11/03 3.15 Babel switching mechanism
)
*************************************
* Local config file bblopts.cfg used
*
("C:\Program Files\MiKTeX 2.9\tex\latex\arabi\bblopts.cfg"
File: bblopts.cfg 2005/09/08 v0.1 add Arabic and Farsi to "declared" options of
 babel
)
("C:\Program Files\MiKTeX 2.9\tex\latex\babel-german\ngerman.ldf"
Language: ngerman 2016/11/02 v2.9 German support for babel (new orthography)

("C:\Program Files\MiKTeX 2.9\tex\latex\babel-german\ngermanb.ldf"
Language: ngermanb 2016/11/02 v2.9 German support for babel (new orthography)

("C:\Program Files\MiKTeX 2.9\tex\generic\babel\babel.def"
File: babel.def 2017/11/03 3.15 Babel common definitions

("C:\Program Files\MiKTeX 2.9\tex\generic\babel\switch.def"
File: switch.def 2017/11/03 3.15 Babel switching mechanism
)
\babel@savecnt=\count89
\U@D=\dimen105
)
Package babel Info: Making " an active character on input line 125.
)))
("C:\Program Files\MiKTeX 2.9\tex\latex\pdfpages\pdfpages.sty"
Package: pdfpages 2017/10/31 v0.5l Insert pages of external PDF documents (AM)

("C:\Program Files\MiKTeX 2.9\tex\latex\base\ifthen.sty"
Package: ifthen 2014/09/29 v1.1c Standard LaTeX ifthen package (DPC)
)
("C:\Program Files\MiKTeX 2.9\tex\latex\tools\calc.sty"
Package: calc 2014/10/28 v4.3 Infix arithmetic (KKT,FJ)
\calc@Acount=\count90
\calc@Bcount=\count91
\calc@Adimen=\dimen106
\calc@Bdimen=\dimen107
\calc@Askip=\skip43
\calc@Bskip=\skip44
LaTeX Info: Redefining \setlength on input line 80.
LaTeX Info: Redefining \addtolength on input line 81.
\calc@Ccount=\count92
\calc@Cskip=\skip45
)
("C:\Program Files\MiKTeX 2.9\tex\latex\eso-pic\eso-pic.sty"
Package: eso-pic 2018/04/12 v2.0h eso-pic (RN)

("C:\Program Files\MiKTeX 2.9\tex\generic\oberdiek\atbegshi.sty"
Package: atbegshi 2016/06/09 v1.18 At begin shipout hook (HO)

("C:\Program Files\MiKTeX 2.9\tex\generic\oberdiek\infwarerr.sty"
Package: infwarerr 2016/05/16 v1.4 Providing info/warning/error messages (HO)
)
("C:\Program Files\MiKTeX 2.9\tex\generic\oberdiek\ltxcmds.sty"
Package: ltxcmds 2016/05/16 v1.23 LaTeX kernel commands for general use (HO)
)
("C:\Program Files\MiKTeX 2.9\tex\generic\oberdiek\ifpdf.sty"
Package: ifpdf 2017/03/15 v3.2 Provides the ifpdf switch
))
("C:\Program Files\MiKTeX 2.9\tex\latex\xcolor\xcolor.sty"
Package: xcolor 2016/05/11 v2.12 LaTeX color extensions (UK)

("C:\Program Files\MiKTeX 2.9\tex\latex\graphics-cfg\color.cfg"
File: color.cfg 2016/01/02 v1.6 sample color configuration
)
Package xcolor Info: Driver file: pdftex.def on input line 225.
Package xcolor Info: Model `cmy' substituted by `cmy0' on input line 1348.
Package xcolor Info: Model `hsb' substituted by `rgb' on input line 1352.
Package xcolor Info: Model `RGB' extended on input line 1364.
Package xcolor Info: Model `HTML' substituted by `rgb' on input line 1366.
Package xcolor Info: Model `Hsb' substituted by `hsb' on input line 1367.
Package xcolor Info: Model `tHsb' substituted by `hsb' on input line 1368.
Package xcolor Info: Model `HSB' substituted by `hsb' on input line 1369.
Package xcolor Info: Model `Gray' substituted by `gray' on input line 1370.
Package xcolor Info: Model `wave' substituted by `hsb' on input line 1371.
))
\AM@pagewidth=\dimen108
\AM@pageheight=\dimen109

("C:\Program Files\MiKTeX 2.9\tex\latex\pdfpages\pppdftex.def"
File: pppdftex.def 2017/10/31 v0.5l Pdfpages driver for pdfTeX (AM)
)
\AM@pagebox=\box26
\AM@global@opts=\toks20
\AM@toc@title=\toks21
\c@AM@survey=\count93
\AM@templatesizebox=\box27
)
("C:\Program Files\MiKTeX 2.9\tex\latex\listings\listings.sty"
\lst@mode=\count94
\lst@gtempboxa=\box28
\lst@token=\toks22
\lst@length=\count95
\lst@currlwidth=\dimen110
\lst@column=\count96
\lst@pos=\count97
\lst@lostspace=\dimen111
\lst@width=\dimen112
\lst@newlines=\count98
\lst@lineno=\count99
\lst@maxwidth=\dimen113

("C:\Program Files\MiKTeX 2.9\tex\latex\listings\lstmisc.sty"
File: lstmisc.sty 2015/06/04 1.6 (Carsten Heinz)
\c@lstnumber=\count100
\lst@skipnumbers=\count101
\lst@framebox=\box29
)
("C:\Program Files\MiKTeX 2.9\tex\latex\listings\listings.cfg"
File: listings.cfg 2015/06/04 1.6 listings configuration
))
Package: listings 2015/06/04 1.6 (Carsten Heinz)

("C:\Program Files\MiKTeX 2.9\tex\latex\geometry\geometry.sty"
Package: geometry 2010/09/12 v5.6 Page Geometry

("C:\Program Files\MiKTeX 2.9\tex\generic\oberdiek\ifvtex.sty"
Package: ifvtex 2016/05/16 v1.6 Detect VTeX and its facilities (HO)
Package ifvtex Info: VTeX not detected.
)
("C:\Program Files\MiKTeX 2.9\tex\generic\ifxetex\ifxetex.sty"
Package: ifxetex 2010/09/12 v0.6 Provides ifxetex conditional
)
\Gm@cnth=\count102
\Gm@cntv=\count103
\c@Gm@tempcnt=\count104
\Gm@bindingoffset=\dimen114
\Gm@wd@mp=\dimen115
\Gm@odd@mp=\dimen116
\Gm@even@mp=\dimen117
\Gm@layoutwidth=\dimen118
\Gm@layoutheight=\dimen119
\Gm@layouthoffset=\dimen120
\Gm@layoutvoffset=\dimen121
\Gm@dimlist=\toks23

("C:\Program Files\MiKTeX 2.9\tex\latex\geometry\geometry.cfg"))
("C:\Program Files\MiKTeX 2.9\tex\latex\fancyhdr\fancyhdr.sty"
Package: fancyhdr 2017/06/30 v3.9a Extensive control of page headers and footer
s
\f@nch@headwidth=\skip46
\f@nch@O@elh=\skip47
\f@nch@O@erh=\skip48
\f@nch@O@olh=\skip49
\f@nch@O@orh=\skip50
\f@nch@O@elf=\skip51
\f@nch@O@erf=\skip52
\f@nch@O@olf=\skip53
\f@nch@O@orf=\skip54
)
("C:\Program Files\MiKTeX 2.9\tex\latex\amsmath\amstext.sty"
Package: amstext 2000/06/29 v2.01 AMS text

("C:\Program Files\MiKTeX 2.9\tex\latex\amsmath\amsgen.sty"
File: amsgen.sty 1999/11/30 v2.0 generic functions
\@emptytoks=\toks24
\ex@=\dimen122
))
("C:\Program Files\MiKTeX 2.9\tex\latex\amsmath\amsmath.sty"
Package: amsmath 2017/09/02 v2.17a AMS math features
\@mathmargin=\skip55

For additional information on amsmath, use the `?' option.
("C:\Program Files\MiKTeX 2.9\tex\latex\amsmath\amsbsy.sty"
Package: amsbsy 1999/11/29 v1.2d Bold Symbols
\pmbraise@=\dimen123
)
("C:\Program Files\MiKTeX 2.9\tex\latex\amsmath\amsopn.sty"
Package: amsopn 2016/03/08 v2.02 operator names
)
\inf@bad=\count105
LaTeX Info: Redefining \frac on input line 213.
\uproot@=\count106
\leftroot@=\count107
LaTeX Info: Redefining \overline on input line 375.
\classnum@=\count108
\DOTSCASE@=\count109
LaTeX Info: Redefining \ldots on input line 472.
LaTeX Info: Redefining \dots on input line 475.
LaTeX Info: Redefining \cdots on input line 596.
\Mathstrutbox@=\box30
\strutbox@=\box31
\big@size=\dimen124
LaTeX Font Info:    Redeclaring font encoding OML on input line 712.
LaTeX Font Info:    Redeclaring font encoding OMS on input line 713.
\macc@depth=\count110
\c@MaxMatrixCols=\count111
\dotsspace@=\muskip10
\c@parentequation=\count112
\dspbrk@lvl=\count113
\tag@help=\toks25
\row@=\count114
\column@=\count115
\maxfields@=\count116
\andhelp@=\toks26
\eqnshift@=\dimen125
\alignsep@=\dimen126
\tagshift@=\dimen127
\tagwidth@=\dimen128
\totwidth@=\dimen129
\lineht@=\dimen130
\@envbody=\toks27
\multlinegap=\skip56
\multlinetaggap=\skip57
\mathdisplay@stack=\toks28
LaTeX Info: Redefining \[ on input line 2817.
LaTeX Info: Redefining \] on input line 2818.
)
("C:\Program Files\MiKTeX 2.9\tex\latex\tools\varioref.sty"
Package: varioref 2016/02/16 v1.5c package for extended references (FMi)
\c@vrcnt=\count117
)
("C:\Program Files\MiKTeX 2.9\tex\latex\base\makeidx.sty"
Package: makeidx 2014/09/29 v1.0m Standard LaTeX package
)
("C:\Program Files\MiKTeX 2.9\tex\latex\amsfonts\amssymb.sty"
Package: amssymb 2013/01/14 v3.01 AMS font symbols

("C:\Program Files\MiKTeX 2.9\tex\latex\amsfonts\amsfonts.sty"
Package: amsfonts 2013/01/14 v3.01 Basic AMSFonts support
\symAMSa=\mathgroup4
\symAMSb=\mathgroup5
LaTeX Font Info:    Overwriting math alphabet `\mathfrak' in version `bold'
(Font)                  U/euf/m/n --> U/euf/b/n on input line 106.
)) (disCount.aux)
\openout1 = `disCount.aux'.

LaTeX Font Info:    Checking defaults for OML/cmm/m/it on input line 24.
LaTeX Font Info:    ... okay on input line 24.
LaTeX Font Info:    Checking defaults for T1/cmr/m/n on input line 24.
LaTeX Font Info:    ... okay on input line 24.
LaTeX Font Info:    Checking defaults for OT1/cmr/m/n on input line 24.
LaTeX Font Info:    ... okay on input line 24.
LaTeX Font Info:    Checking defaults for OMS/cmsy/m/n on input line 24.
LaTeX Font Info:    ... okay on input line 24.
LaTeX Font Info:    Checking defaults for OMX/cmex/m/n on input line 24.
LaTeX Font Info:    ... okay on input line 24.
LaTeX Font Info:    Checking defaults for U/cmr/m/n on input line 24.
LaTeX Font Info:    ... okay on input line 24.
("C:\Program Files\MiKTeX 2.9\tex\latex\ucs\ucsencs.def"
File: ucsencs.def 2011/01/21 Fixes to fontencodings LGR, T3
)
("C:\Program Files\MiKTeX 2.9\tex\context\base\supp-pdf.mkii"
[Loading MPS to PDF converter (version 2006.09.02).]
\scratchcounter=\count118
\scratchdimen=\dimen131
\scratchbox=\box32
\nofMPsegments=\count119
\nofMParguments=\count120
\everyMPshowfont=\toks29
\MPscratchCnt=\count121
\MPscratchDim=\dimen132
\MPnumerator=\count122
\makeMPintoPDFobject=\count123
\everyMPtoPDFconversion=\toks30
) ("C:\Program Files\MiKTeX 2.9\tex\latex\oberdiek\epstopdf-base.sty"
Package: epstopdf-base 2016/05/15 v2.6 Base part for package epstopdf

("C:\Program Files\MiKTeX 2.9\tex\latex\oberdiek\grfext.sty"
Package: grfext 2016/05/16 v1.2 Manage graphics extensions (HO)

("C:\Program Files\MiKTeX 2.9\tex\generic\oberdiek\kvdefinekeys.sty"
Package: kvdefinekeys 2016/05/16 v1.4 Define keys (HO)
))
("C:\Program Files\MiKTeX 2.9\tex\latex\oberdiek\kvoptions.sty"
Package: kvoptions 2016/05/16 v3.12 Key value format for package options (HO)

("C:\Program Files\MiKTeX 2.9\tex\generic\oberdiek\kvsetkeys.sty"
Package: kvsetkeys 2016/05/16 v1.17 Key value parser (HO)

("C:\Program Files\MiKTeX 2.9\tex\generic\oberdiek\etexcmds.sty"
Package: etexcmds 2016/05/16 v1.6 Avoid name clashes with e-TeX commands (HO)

("C:\Program Files\MiKTeX 2.9\tex\generic\oberdiek\ifluatex.sty"
Package: ifluatex 2016/05/16 v1.4 Provides the ifluatex switch (HO)
Package ifluatex Info: LuaTeX not detected.
)
Package etexcmds Info: Could not find \expanded.
(etexcmds)             That can mean that you are not using pdfTeX 1.50 or
(etexcmds)             that some package has redefined \expanded.
(etexcmds)             In the latter case, load this package earlier.
)))
("C:\Program Files\MiKTeX 2.9\tex\generic\oberdiek\pdftexcmds.sty"
Package: pdftexcmds 2017/03/19 v0.25 Utility functions of pdfTeX for LuaTeX (HO
)
Package pdftexcmds Info: LuaTeX not detected.
Package pdftexcmds Info: \pdf@primitive is available.
Package pdftexcmds Info: \pdf@ifprimitive is available.
Package pdftexcmds Info: \pdfdraftmode found.
)
Package epstopdf-base Info: Redefining graphics rule for `.eps' on input line 4
38.
Package grfext Info: Graphics extension search list:
(grfext)             [.pdf,.png,.jpg,.mps,.jpeg,.jbig2,.jb2,.PDF,.PNG,.JPG,.JPE
G,.JBIG2,.JB2,.eps]
(grfext)             \AppendGraphicsExtensions on input line 456.
)
\AtBeginShipoutBox=\box33

("C:\Program Files\MiKTeX 2.9\tex\latex\oberdiek\pdflscape.sty"
Package: pdflscape 2016/05/14 v0.11 Display of landscape pages in PDF (HO)

("C:\Program Files\MiKTeX 2.9\tex\latex\graphics\lscape.sty"
Package: lscape 2000/10/22 v3.01 Landscape Pages (DPC)
)
Package pdflscape Info: Auto-detected driver: pdftex on input line 81.
)
\c@lstlisting=\count124

*geometry* driver: auto-detecting
*geometry* detected driver: pdftex
*geometry* verbose mode - [ preamble ] result:
* driver: pdftex
* paper: a4paper
* layout: <same size as paper>
* layoutoffset:(h,v)=(0.0pt,0.0pt)
* modes: 
* h-part:(L,W,R)=(81.94394pt, 433.62pt, 81.94394pt)
* v-part:(T,H,B)=(48.93872pt, 722.7pt, 73.40813pt)
* \paperwidth=597.50787pt
* \paperheight=845.04684pt
* \textwidth=433.62pt
* \textheight=722.7pt
* \oddsidemargin=9.67395pt
* \evensidemargin=9.67395pt
* \topmargin=-60.33127pt
* \headheight=12.0pt
* \headsep=25.0pt
* \topskip=12.0pt
* \footskip=30.0pt
* \marginparwidth=44.0pt
* \marginparsep=10.0pt
* \columnsep=10.0pt
* \skip\footins=10.8pt plus 4.0pt minus 2.0pt
* \hoffset=0.0pt
* \voffset=0.0pt
* \mag=1000
* \@twocolumnfalse
* \@twosidefalse
* \@mparswitchfalse
* \@reversemarginfalse
* (1in=72.27pt=25.4mm, 1cm=28.453pt)

<images/ferrarilogo.jpg, id=1, 86.067pt x 113.661pt>
File: images/ferrarilogo.jpg Graphic file (type jpg)
<use images/ferrarilogo.jpg>
Package pdftex.def Info: images/ferrarilogo.jpg  used on input line 30. on inpu
t line 30.
Package pdftex.def Info: Requested size: 65.04034pt x 85.89589pt on input line 
30.
("C:\Program Files\MiKTeX 2.9\tex\latex\ucs\uni-0.def"
File: uni-0.def 2013/05/13 UCS: Unicode data U+0000..U+00FF
) [1

{C:/ProgramData/MiKTeX/2.9/pdftex/config/pdftex.map} <./images/ferrarilogo.jpg>
] [1]
Underfull \hbox (badness 10000) in paragraph at lines 70--72

 []


Underfull \hbox (badness 10000) in paragraph at lines 70--72

 []

[2]
Underfull \hbox (badness 10000) in paragraph at lines 80--81

 []


Underfull \hbox (badness 10000) in paragraph at lines 82--83

 []


Underfull \hbox (badness 10000) in paragraph at lines 84--85

 []


Underfull \hbox (badness 10000) in paragraph at lines 86--87

 []


Underfull \hbox (badness 10000) in paragraph at lines 88--89

 []

[3] (disCount.toc
LaTeX Font Info:    Try loading font information for U+msa on input line 7.
 ("C:\Program Files\MiKTeX 2.9\tex\latex\amsfonts\umsa.fd"
File: umsa.fd 2013/01/14 v3.01 AMS symbols A
)
LaTeX Font Info:    Try loading font information for U+msb on input line 7.

("C:\Program Files\MiKTeX 2.9\tex\latex\amsfonts\umsb.fd"
File: umsb.fd 2013/01/14 v3.01 AMS symbols B
) [4

] [5] [6])
\tf@toc=\write3
\openout3 = `disCount.toc'.


[7] [8] [9

] [10]
Kapitel 1.

Underfull \hbox (badness 10000) in paragraph at lines 114--115

 []


Underfull \hbox (badness 10000) in paragraph at lines 114--115

 []


Underfull \hbox (badness 10000) in paragraph at lines 118--124

 []

[11

]

Package Fancyhdr Warning: \headheight is too small (12.0pt): 
 Make it at least 14.49998pt.
 We now make it that large for the rest of the document.
 This may cause the page layout to be inconsistent, however.

[12] [13

]
Kapitel 2.

LaTeX Warning: Citation `DPGOF' undefined on input line 144.


Underfull \hbox (badness 10000) in paragraph at lines 144--145

 []


LaTeX Warning: Citation `DPGOF' undefined on input line 148.


Underfull \hbox (badness 10000) in paragraph at lines 147--149

 []

[14

]

LaTeX Warning: Citation `Vererbung' undefined on input line 161.

("C:\Program Files\MiKTeX 2.9\tex\latex\listings\lstlang1.sty"
File: lstlang1.sty 2015/06/04 1.6 listings language file
)
Overfull \hbox (17.20427pt too wide) in paragraph at lines 175--176
\T1/cmr/m/n/12 Komponenten hin-zu. So-bald der User die Da-ten ein-ge-ge-ben ha
t und auf den Bestätigungs-
 []


Package Fancyhdr Warning: \headheight is too small (12.0pt): 
 Make it at least 14.49998pt.
 We now make it that large for the rest of the document.
 This may cause the page layout to be inconsistent, however.

[15]

Package Fancyhdr Warning: \headheight is too small (12.0pt): 
 Make it at least 14.49998pt.
 We now make it that large for the rest of the document.
 This may cause the page layout to be inconsistent, however.

[16]
Kapitel 3.
[17

] [18

]
Kapitel 4.
<images/bs_types.jpg, id=74, 287.1528pt x 257.763pt>
File: images/bs_types.jpg Graphic file (type jpg)
<use images/bs_types.jpg>
Package pdftex.def Info: images/bs_types.jpg  used on input line 228. on input 
line 228.
Package pdftex.def Info: Requested size: 158.49098pt x 142.26378pt on input lin
e 228.

LaTeX Warning: Citation `RW1' undefined on input line 232.


LaTeX Warning: Citation `RW1' undefined on input line 232.


Underfull \hbox (badness 10000) in paragraph at lines 232--233

 []


LaTeX Warning: Citation `RW1' undefined on input line 235.


LaTeX Warning: Citation `RW1' undefined on input line 235.


LaTeX Warning: Citation `RW1' undefined on input line 237.


Underfull \hbox (badness 10000) in paragraph at lines 235--238

 []

[19

 <./images/bs_types.jpg>]

LaTeX Warning: Citation `RW1' undefined on input line 240.


LaTeX Warning: Citation `RW1' undefined on input line 241.


LaTeX Warning: Citation `RW1' undefined on input line 242.

LaTeX Font Info:    Try loading font information for OMS+cmr on input line 246.

("C:\Program Files\MiKTeX 2.9\tex\latex\base\omscmr.fd"
File: omscmr.fd 2014/09/29 v2.5h Standard LaTeX font definitions
)
LaTeX Font Info:    Font shape `OMS/cmr/m/n' in size <12> not available
(Font)              Font shape `OMS/cmsy/m/n' tried instead on input line 246.


LaTeX Warning: Citation `RW1' undefined on input line 248.


LaTeX Warning: Citation `RW1' undefined on input line 251.


LaTeX Warning: Citation `RW1' undefined on input line 259.


LaTeX Warning: Citation `RW4' undefined on input line 263.


LaTeX Warning: Citation `RW4' undefined on input line 263.


LaTeX Warning: Citation `RW4' undefined on input line 265.


Package Fancyhdr Warning: \headheight is too small (12.0pt): 
 Make it at least 14.49998pt.
 We now make it that large for the rest of the document.
 This may cause the page layout to be inconsistent, however.

[20]

LaTeX Warning: Citation `RW4' undefined on input line 271.


LaTeX Warning: Citation `RW4' undefined on input line 277.


LaTeX Warning: Citation `RW4' undefined on input line 280.


LaTeX Warning: Citation `RW4' undefined on input line 289.


LaTeX Warning: Citation `RW4' undefined on input line 290.


LaTeX Warning: Citation `RW4' undefined on input line 291.


Package Fancyhdr Warning: \headheight is too small (12.0pt): 
 Make it at least 14.49998pt.
 We now make it that large for the rest of the document.
 This may cause the page layout to be inconsistent, however.

[21]

LaTeX Warning: Citation `RW4' undefined on input line 295.


LaTeX Warning: Citation `RW4' undefined on input line 300.


Package Fancyhdr Warning: \headheight is too small (12.0pt): 
 Make it at least 14.49998pt.
 We now make it that large for the rest of the document.
 This may cause the page layout to be inconsistent, however.

[22]
Kapitel 5.

Overfull \hbox (9.23561pt too wide) in paragraph at lines 312--313
\T1/cmr/m/n/12 Wie im Rechnungswesen-Abschnitt schon er-klärt wur-de, kom-men B
u-chungs-sät-ze grund-
 []

[23

]
Underfull \hbox (badness 10000) in paragraph at lines 345--347

 []


Underfull \hbox (badness 10000) in paragraph at lines 367--368

 []


Package Fancyhdr Warning: \headheight is too small (12.0pt): 
 Make it at least 14.49998pt.
 We now make it that large for the rest of the document.
 This may cause the page layout to be inconsistent, however.

[24]
Overfull \hbox (0.62398pt too wide) in paragraph at lines 413--414
\T1/cmr/m/n/12 Kalkulationen sind die ein-fachs-ten und vor-her-seh-bars-ten Be
-rech-nun-gen im Pro-gramm.
 []


Package Fancyhdr Warning: \headheight is too small (12.0pt): 
 Make it at least 14.49998pt.
 We now make it that large for the rest of the document.
 This may cause the page layout to be inconsistent, however.

[25]

Package Fancyhdr Warning: \headheight is too small (12.0pt): 
 Make it at least 14.49998pt.
 We now make it that large for the rest of the document.
 This may cause the page layout to be inconsistent, however.

[26]
Kapitel 6.
<images/hauptarbeitsflaechen.jpg, id=103, 1156.32pt x 619.113pt>
File: images/hauptarbeitsflaechen.jpg Graphic file (type jpg)
<use images/hauptarbeitsflaechen.jpg>
Package pdftex.def Info: images/hauptarbeitsflaechen.jpg  used on input line 43
1. on input line 431.
Package pdftex.def Info: Requested size: 371.98845pt x 199.16928pt on input lin
e 431.
[27

 <./images/hauptarbeitsflaechen.jpg>]
<images/einstellungen.jpg, id=107, 386.6445pt x 561.297pt>
File: images/einstellungen.jpg Graphic file (type jpg)
<use images/einstellungen.jpg>
Package pdftex.def Info: images/einstellungen.jpg  used on input line 444. on i
nput line 444.
Package pdftex.def Info: Requested size: 254.79677pt x 369.88582pt on input lin
e 444.
<images/suchen.jpg, id=108, 1155.71774pt x 127.677pt>
File: images/suchen.jpg Graphic file (type jpg)
<use images/suchen.jpg>
Package pdftex.def Info: images/suchen.jpg  used on input line 453. on input li
ne 453.
Package pdftex.def Info: Requested size: 455.24408pt x 50.29256pt on input line
 453.

Overfull \hbox (21.62408pt too wide) in paragraph at lines 453--454
 [][] 
 []


Package Fancyhdr Warning: \headheight is too small (12.0pt): 
 Make it at least 15.04742pt.
 We now make it that large for the rest of the document.
 This may cause the page layout to be inconsistent, however.

[28 <./images/einstellungen.jpg>]

Package Fancyhdr Warning: \headheight is too small (12.0pt): 
 Make it at least 15.04742pt.
 We now make it that large for the rest of the document.
 This may cause the page layout to be inconsistent, however.

[29 <./images/suchen.jpg>] [30

]
Kapitel 7.
[31

]

Package Fancyhdr Warning: \headheight is too small (12.0pt): 
 Make it at least 15.04742pt.
 We now make it that large for the rest of the document.
 This may cause the page layout to be inconsistent, however.

[32]
Kapitel 8.
[33

]
<images/missingBS.jpg, id=128, 597.432pt x 264.5082pt>
File: images/missingBS.jpg Graphic file (type jpg)
<use images/missingBS.jpg>
Package pdftex.def Info: images/missingBS.jpg  used on input line 511. on input
 line 511.
Package pdftex.def Info: Requested size: 321.33223pt x 142.26378pt on input lin
e 511.
<images/BSoverload.jpg, id=129, 597.432pt x 264.5082pt>
File: images/BSoverload.jpg Graphic file (type jpg)
<use images/BSoverload.jpg>
Package pdftex.def Info: images/BSoverload.jpg  used on input line 525. on inpu
t line 525.
Package pdftex.def Info: Requested size: 321.33223pt x 142.26378pt on input lin
e 525.


LaTeX Warning: `h' float specifier changed to `ht'.


Package Fancyhdr Warning: \headheight is too small (12.0pt): 
 Make it at least 14.49998pt.
 We now make it that large for the rest of the document.
 This may cause the page layout to be inconsistent, however.

[34 <./images/missingBS.jpg>]

Package Fancyhdr Warning: \headheight is too small (12.0pt): 
 Make it at least 14.49998pt.
 We now make it that large for the rest of the document.
 This may cause the page layout to be inconsistent, however.

[35 <./images/BSoverload.jpg>]
Kapitel 9.

Underfull \hbox (badness 10000) in paragraph at lines 546--547

 []


Underfull \hbox (badness 10000) in paragraph at lines 546--547

 []


Underfull \hbox (badness 10000) in paragraph at lines 546--547

 []

[36

]

Package Fancyhdr Warning: \headheight is too small (12.0pt): 
 Make it at least 15.04742pt.
 We now make it that large for the rest of the document.
 This may cause the page layout to be inconsistent, however.

[37] [38

]
Kapitel 10.
<images/showDuplicates_hbla.jpg, id=146, 997.92825pt x 308.95425pt>
File: images/showDuplicates_hbla.jpg Graphic file (type jpg)
<use images/showDuplicates_hbla.jpg>
Package pdftex.def Info: images/showDuplicates_hbla.jpg  used on input line 580
. on input line 580.
Package pdftex.def Info: Requested size: 426.79134pt x 132.13116pt on input lin
e 580.
[39

 <./images/showDuplicates_hbla.jpg>]
<images/msg_a.jpg, id=150, 997.92825pt x 309.5565pt>
File: images/msg_a.jpg Graphic file (type jpg)
<use images/msg_a.jpg>
Package pdftex.def Info: images/msg_a.jpg  used on input line 595. on input lin
e 595.
Package pdftex.def Info: Requested size: 426.79134pt x 132.38873pt on input lin
e 595.
<images/msg_new.jpg, id=151, 999.13275pt x 192.11775pt>
File: images/msg_new.jpg Graphic file (type jpg)
<use images/msg_new.jpg>
Package pdftex.def Info: images/msg_new.jpg  used on input line 607. on input l
ine 607.
Package pdftex.def Info: Requested size: 426.79134pt x 82.06377pt on input line
 607.


Package Fancyhdr Warning: \headheight is too small (12.0pt): 
 Make it at least 15.04742pt.
 We now make it that large for the rest of the document.
 This may cause the page layout to be inconsistent, however.

[40 <./images/msg_a.jpg> <./images/msg_new.jpg>]

Package Fancyhdr Warning: \headheight is too small (12.0pt): 
 Make it at least 15.04742pt.
 We now make it that large for the rest of the document.
 This may cause the page layout to be inconsistent, however.

[41]
Kapitel 11.

LaTeX Warning: Citation `OS' undefined on input line 643.


LaTeX Warning: Citation `OS' undefined on input line 646.


LaTeX Warning: Citation `OS' undefined on input line 649.

[42

]
Underfull \hbox (badness 10000) in paragraph at lines 659--660

 []


Underfull \hbox (badness 10000) in paragraph at lines 671--672

 []


Underfull \hbox (badness 10000) in paragraph at lines 700--702

 []


Package Fancyhdr Warning: \headheight is too small (12.0pt): 
 Make it at least 15.04742pt.
 We now make it that large for the rest of the document.
 This may cause the page layout to be inconsistent, however.

[43]
Underfull \hbox (badness 10000) in paragraph at lines 704--705

 []


Underfull \hbox (badness 10000) in paragraph at lines 714--715

 []


Underfull \hbox (badness 10000) in paragraph at lines 721--722

 []


Underfull \hbox (badness 10000) in paragraph at lines 734--735

 []


Package Fancyhdr Warning: \headheight is too small (12.0pt): 
 Make it at least 15.04742pt.
 We now make it that large for the rest of the document.
 This may cause the page layout to be inconsistent, however.

[44]
Underfull \hbox (badness 10000) in paragraph at lines 749--750

 []


Underfull \hbox (badness 10000) in paragraph at lines 767--769

 []


Underfull \hbox (badness 10000) in paragraph at lines 777--778

 []


Underfull \hbox (badness 10000) in paragraph at lines 787--788

 []


Package Fancyhdr Warning: \headheight is too small (12.0pt): 
 Make it at least 15.04742pt.
 We now make it that large for the rest of the document.
 This may cause the page layout to be inconsistent, however.

[45]
Underfull \hbox (badness 10000) in paragraph at lines 804--805

 []


Underfull \hbox (badness 10000) in paragraph at lines 811--812

 []


Underfull \hbox (badness 10000) in paragraph at lines 828--829

 []


Package Fancyhdr Warning: \headheight is too small (12.0pt): 
 Make it at least 15.04742pt.
 We now make it that large for the rest of the document.
 This may cause the page layout to be inconsistent, however.

[46] [47

]
Kapitel 12.
[48

]

Package Fancyhdr Warning: \headheight is too small (12.0pt): 
 Make it at least 14.49998pt.
 We now make it that large for the rest of the document.
 This may cause the page layout to be inconsistent, however.

[49]
Kapitel 13.
[50

]

Package Fancyhdr Warning: \headheight is too small (12.0pt): 
 Make it at least 27.11469pt.
 We now make it that large for the rest of the document.
 This may cause the page layout to be inconsistent, however.

[51] [52

]
Kapitel 14.

Underfull \hbox (badness 10000) in paragraph at lines 927--934

 []

[53

]
Underfull \hbox (badness 10000) in paragraph at lines 946--947

 []


Package Fancyhdr Warning: \headheight is too small (12.0pt): 
 Make it at least 14.49998pt.
 We now make it that large for the rest of the document.
 This may cause the page layout to be inconsistent, however.

[54]
Kapitel 15.
[55

]
Underfull \hbox (badness 10000) in paragraph at lines 1032--1033

 []


Package Fancyhdr Warning: \headheight is too small (12.0pt): 
 Make it at least 14.49998pt.
 We now make it that large for the rest of the document.
 This may cause the page layout to be inconsistent, however.

[56]

Package Fancyhdr Warning: \headheight is too small (12.0pt): 
 Make it at least 14.49998pt.
 We now make it that large for the rest of the document.
 This may cause the page layout to be inconsistent, however.

[57]

Package Fancyhdr Warning: \headheight is too small (12.0pt): 
 Make it at least 14.49998pt.
 We now make it that large for the rest of the document.
 This may cause the page layout to be inconsistent, however.

[58]
No file disCount.bbl.
[59] (disCount.lof)
\tf@lof=\write4
\openout4 = `disCount.lof'.

 [60

]

pdfTeX warning: miktex-pdftex.exe (file ./images/begleitprotokoll.pdf): PDF inc
lusion: found PDF version <1.7>, but at most version <1.5> allowed
<images/begleitprotokoll.pdf, id=219, pagebox=cropbox, 597.55246pt x 845.07724p
t>
File: images/begleitprotokoll.pdf Graphic file (type pdf)
<use images/begleitprotokoll.pdf>
Package pdftex.def Info: images/begleitprotokoll.pdf  used on input line 1090. 
on input line 1090.
Package pdftex.def Info: Requested size: 597.551pt x 845.07518pt on input line 
1090.


pdfTeX warning: miktex-pdftex.exe (file ./images/begleitprotokoll.pdf): PDF inc
lusion: found PDF version <1.7>, but at most version <1.5> allowed
File: images/begleitprotokoll.pdf Graphic file (type pdf)
<use images/begleitprotokoll.pdf>
Package pdftex.def Info: images/begleitprotokoll.pdf  used on input line 1090. 
on input line 1090.
Package pdftex.def Info: Requested size: 597.551pt x 845.07518pt on input line 
1090.


pdfTeX warning: miktex-pdftex.exe (file ./images/begleitprotokoll.pdf): PDF inc
lusion: found PDF version <1.7>, but at most version <1.5> allowed


pdfTeX warning: miktex-pdftex.exe (file ./images/begleitprotokoll.pdf): PDF inc
lusion: found PDF version <1.7>, but at most version <1.5> allowed
<images/begleitprotokoll.pdf, id=222, page=1, pagebox=cropbox, 597.55246pt x 84
5.07724pt>
File: images/begleitprotokoll.pdf Graphic file (type pdf)
<use images/begleitprotokoll.pdf, page 1>
Package pdftex.def Info: images/begleitprotokoll.pdf , page1 used on input line
 1090. on input line 1090.
Package pdftex.def Info: Requested size: 597.551pt x 845.07518pt on input line 
1090.
File: images/begleitprotokoll.pdf Graphic file (type pdf)
<use images/begleitprotokoll.pdf, page 1>
Package pdftex.def Info: images/begleitprotokoll.pdf , page1 used on input line
 1090. on input line 1090.
Package pdftex.def Info: Requested size: 597.57834pt x 845.11386pt on input lin
e 1090.
File: images/begleitprotokoll.pdf Graphic file (type pdf)
<use images/begleitprotokoll.pdf, page 1>
Package pdftex.def Info: images/begleitprotokoll.pdf , page1 used on input line
 1090. on input line 1090.
Package pdftex.def Info: Requested size: 597.57834pt x 845.11386pt on input lin
e 1090.
File: images/begleitprotokoll.pdf Graphic file (type pdf)
<use images/begleitprotokoll.pdf, page 1>
Package pdftex.def Info: images/begleitprotokoll.pdf , page1 used on input line
 1090. on input line 1090.
Package pdftex.def Info: Requested size: 597.57834pt x 845.11386pt on input lin
e 1090.
File: images/begleitprotokoll.pdf Graphic file (type pdf)
<use images/begleitprotokoll.pdf, page 1>
Package pdftex.def Info: images/begleitprotokoll.pdf , page1 used on input line
 1090. on input line 1090.
Package pdftex.def Info: Requested size: 597.57834pt x 845.11386pt on input lin
e 1090.
[61 <./images/begleitprotokoll.pdf>]

pdfTeX warning: miktex-pdftex.exe (file ./images/begleitprotokoll.pdf): PDF inc
lusion: found PDF version <1.7>, but at most version <1.5> allowed
<images/begleitprotokoll.pdf, id=259, page=2, pagebox=cropbox, 597.55246pt x 84
5.07724pt>
File: images/begleitprotokoll.pdf Graphic file (type pdf)
<use images/begleitprotokoll.pdf, page 2>
Package pdftex.def Info: images/begleitprotokoll.pdf , page2 used on input line
 1090. on input line 1090.
Package pdftex.def Info: Requested size: 597.57834pt x 845.11386pt on input lin
e 1090.
File: images/begleitprotokoll.pdf Graphic file (type pdf)
<use images/begleitprotokoll.pdf, page 2>
Package pdftex.def Info: images/begleitprotokoll.pdf , page2 used on input line
 1090. on input line 1090.
Package pdftex.def Info: Requested size: 597.57834pt x 845.11386pt on input lin
e 1090.
File: images/begleitprotokoll.pdf Graphic file (type pdf)
<use images/begleitprotokoll.pdf, page 2>
Package pdftex.def Info: images/begleitprotokoll.pdf , page2 used on input line
 1090. on input line 1090.
Package pdftex.def Info: Requested size: 597.57834pt x 845.11386pt on input lin
e 1090.
[62 <./images/begleitprotokoll.pdf>]
Anhang A.
<images/mvc_dc.jpg, id=263, 371.58826pt x 716.07526pt>
File: images/mvc_dc.jpg Graphic file (type jpg)
<use images/mvc_dc.jpg>
Package pdftex.def Info: images/mvc_dc.jpg  used on input line 1099. on input l
ine 1099.
Package pdftex.def Info: Requested size: 265.76863pt x 512.1496pt on input line
 1099.
[63

 <./images/mvc_dc.jpg>] (disCount.aux)

LaTeX Warning: There were undefined references.

 ) 
Here is how much of TeX's memory you used:
 7818 strings out of 493312
 104587 string characters out of 3138899
 282484 words of memory out of 3000000
 11186 multiletter control sequences out of 15000+200000
 19903 words of font info for 53 fonts, out of 3000000 for 9000
 1141 hyphenation exceptions out of 8191
 41i,18n,46p,1787b,1665s stack positions out of 5000i,500n,10000p,200000b,50000s
 <C:\Users\Juwal\AppData\Local\MiKTeX\2.9\fonts\pk\ljfour\jknappen\ec\dpi600\
ecrm1000.pk> <C:\Users\Juwal\AppData\Local\MiKTeX\2.9\fonts\pk\ljfour\jknappen\
ec\dpi600\ecrm0700.pk> <C:\Users\Juwal\AppData\Local\MiKTeX\2.9\fonts\pk\ljfour
\jknappen\ec\dpi600\ecrm0800.pk> <C:\Users\Juwal\AppData\Local\MiKTeX\2.9\fonts
\pk\ljfour\jknappen\ec\dpi600\ecti1200.pk> <C:\Users\Juwal\AppData\Local\MiKTeX
\2.9\fonts\pk\ljfour\jknappen\ec\dpi600\ecbx1200.pk> <C:\Users\Juwal\AppData\Lo
cal\MiKTeX\2.9\fonts\pk\ljfour\jknappen\ec\dpi600\ecrm1200.pk> <C:\Users\Juwal\
AppData\Local\MiKTeX\2.9\fonts\pk\ljfour\jknappen\ec\dpi600\ecbx1728.pk> <C:\Us
ers\Juwal\AppData\Local\MiKTeX\2.9\fonts\pk\ljfour\jknappen\ec\dpi600\ecbx1440.
pk> <C:\Users\Juwal\AppData\Local\MiKTeX\2.9\fonts\pk\ljfour\jknappen\ec\dpi600
\ecrm1440.pk> <C:\Users\Juwal\AppData\Local\MiKTeX\2.9\fonts\pk\ljfour\jknappen
\ec\dpi600\ecrm2488.pk> <C:\Users\Juwal\AppData\Local\MiKTeX\2.9\fonts\pk\ljfou
r\jknappen\ec\dpi600\ecbx2488.pk><C:/Program Files/MiKTeX 2.9/fonts/type1/publi
c/amsfonts/cm/cmmi12.pfb><C:/Program Files/MiKTeX 2.9/fonts/type1/public/amsfon
ts/cm/cmr12.pfb><C:/Program Files/MiKTeX 2.9/fonts/type1/public/amsfonts/cm/cms
y10.pfb>
Output written on disCount.pdf (64 pages, 1960838 bytes).
PDF statistics:
 790 PDF objects out of 1000 (max. 8388607)
 0 named destinations out of 1000 (max. 500000)
 81 words of extra memory for PDF output out of 10000 (max. 10000000)

